# JRE version: OpenJDK Runtime Environment Temurin-17.0.10+7 (17.0.10+7) (build 17.0.10+7)
# Java VM: OpenJDK 64-Bit Server VM Temurin-17.0.10+7 (17.0.10+7, mixed mode, tiered, compressed oops, compressed class ptrs, parallel gc, windows-amd64)
GC Precious Log:
 CPUs: 16 total, 16 available
 Memory: 16218M
 Large Page Support: Disabled
 NUMA Support: Disabled
 Compressed Oops: Enabled (32-bit)
 Alignments: Space 512K, Generation 512K, Heap 2M
 Heap Min Capacity: 100M
 Heap Initial Capacity: 100M
 Heap Max Capacity: 1G
 Pre-touch: Disabled
 Parallel Workers: 13
Heap:
 PSYoungGen      total 3072K, used 2928K [0x00000000eab00000, 0x00000000eb000000, 0x0000000100000000)
  eden space 2048K, 100% used [0x00000000eab00000,0x00000000ead00000,0x00000000ead00000)
  from space 1024K, 85% used [0x00000000ead00000,0x00000000eaddc030,0x00000000eae00000)
  to   space 1536K, 87% used [0x00000000eae80000,0x00000000eafd0000,0x00000000eb000000)
 ParOldGen       total 274944K, used 254962K [0x00000000c0000000, 0x00000000d0c80000, 0x00000000eab00000)
  object space 274944K, 92% used [0x00000000c0000000,0x00000000cf8fc910,0x00000000d0c80000)
 Metaspace       used 74477K, committed 75584K, reserved 1179648K
  class space    used 8348K, committed 8832K, reserved 1048576K
GC Heap History (20 events):
Event: 33.750 GC heap before
{Heap before GC invocations=2270 (full 38):
 PSYoungGen      total 9216K, used 9172K [0x00000000eab00000, 0x00000000eb880000, 0x0000000100000000)
  eden space 5632K, 100% used [0x00000000eab00000,0x00000000eb080000,0x00000000eb080000)
  from space 3584K, 98% used [0x00000000eb080000,0x00000000eb3f50a0,0x00000000eb400000)
  to   space 4096K, 0% used [0x00000000eb480000,0x00000000eb480000,0x00000000eb880000)
 ParOldGen       total 274944K, used 232267K [0x00000000c0000000, 0x00000000d0c80000, 0x00000000eab00000)
  object space 274944K, 84% used [0x00000000c0000000,0x00000000ce2d2fb8,0x00000000d0c80000)
 Metaspace       used 73764K, committed 74816K, reserved 1179648K
  class space    used 8293K, committed 8768K, reserved 1048576K
}
Event: 33.753 GC heap after
{Heap after GC invocations=2270 (full 38):
 PSYoungGen      total 10240K, used 2230K [0x00000000eab00000, 0x00000000eb800000, 0x0000000100000000)
  eden space 6656K, 0% used [0x00000000eab00000,0x00000000eab00000,0x00000000eb180000)
  from space 3584K, 62% used [0x00000000eb480000,0x00000000eb6ad828,0x00000000eb800000)
  to   space 3072K, 0% used [0x00000000eb180000,0x00000000eb180000,0x00000000eb480000)
 ParOldGen       total 274944K, used 235512K [0x00000000c0000000, 0x00000000d0c80000, 0x00000000eab00000)
  object space 274944K, 85% used [0x00000000c0000000,0x00000000ce5fe050,0x00000000d0c80000)
 Metaspace       used 73764K, committed 74816K, reserved 1179648K
  class space    used 8293K, committed 8768K, reserved 1048576K
}
Event: 66.156 GC heap before
{Heap before GC invocations=2271 (full 38):
 PSYoungGen      total 10240K, used 8886K [0x00000000eab00000, 0x00000000eb800000, 0x0000000100000000)
  eden space 6656K, 100% used [0x00000000eab00000,0x00000000eb180000,0x00000000eb180000)
  from space 3584K, 62% used [0x00000000eb480000,0x00000000eb6ad828,0x00000000eb800000)
  to   space 3072K, 0% used [0x00000000eb180000,0x00000000eb180000,0x00000000eb480000)
 ParOldGen       total 274944K, used 235512K [0x00000000c0000000, 0x00000000d0c80000, 0x00000000eab00000)
  object space 274944K, 85% used [0x00000000c0000000,0x00000000ce5fe050,0x00000000d0c80000)
 Metaspace       used 73812K, committed 74880K, reserved 1179648K
  class space    used 8298K, committed 8768K, reserved 1048576K
}
Event: 66.159 GC heap after
{Heap after GC invocations=2271 (full 38):
 PSYoungGen      total 8192K, used 1494K [0x00000000eab00000, 0x00000000eb580000, 0x0000000100000000)
  eden space 6656K, 0% used [0x00000000eab00000,0x00000000eab00000,0x00000000eb180000)
  from space 1536K, 97% used [0x00000000eb180000,0x00000000eb2f5818,0x00000000eb300000)
  to   space 2048K, 0% used [0x00000000eb380000,0x00000000eb380000,0x00000000eb580000)
 ParOldGen       total 274944K, used 237443K [0x00000000c0000000, 0x00000000d0c80000, 0x00000000eab00000)
  object space 274944K, 86% used [0x00000000c0000000,0x00000000ce7e0d28,0x00000000d0c80000)
 Metaspace       used 73812K, committed 74880K, reserved 1179648K
  class space    used 8298K, committed 8768K, reserved 1048576K
}
Event: 71.957 GC heap before
{Heap before GC invocations=2272 (full 38):
 PSYoungGen      total 8192K, used 8149K [0x00000000eab00000, 0x00000000eb580000, 0x0000000100000000)
  eden space 6656K, 99% used [0x00000000eab00000,0x00000000eb17ffc0,0x00000000eb180000)
  from space 1536K, 97% used [0x00000000eb180000,0x00000000eb2f5818,0x00000000eb300000)
  to   space 2048K, 0% used [0x00000000eb380000,0x00000000eb380000,0x00000000eb580000)
 ParOldGen       total 274944K, used 237443K [0x00000000c0000000, 0x00000000d0c80000, 0x00000000eab00000)
  object space 274944K, 86% used [0x00000000c0000000,0x00000000ce7e0d28,0x00000000d0c80000)
 Metaspace       used 73887K, committed 75008K, reserved 1179648K
  class space    used 8301K, committed 8768K, reserved 1048576K
}
Event: 71.958 GC heap after
{Heap after GC invocations=2272 (full 38):
 PSYoungGen      total 7168K, used 320K [0x00000000eab00000, 0x00000000eb400000, 0x0000000100000000)
  eden space 6656K, 0% used [0x00000000eab00000,0x00000000eab00000,0x00000000eb180000)
  from space 512K, 62% used [0x00000000eb380000,0x00000000eb3d0000,0x00000000eb400000)
  to   space 1024K, 0% used [0x00000000eb200000,0x00000000eb200000,0x00000000eb300000)
 ParOldGen       total 274944K, used 238670K [0x00000000c0000000, 0x00000000d0c80000, 0x00000000eab00000)
  object space 274944K, 86% used [0x00000000c0000000,0x00000000ce913bc0,0x00000000d0c80000)
 Metaspace       used 73887K, committed 75008K, reserved 1179648K
  class space    used 8301K, committed 8768K, reserved 1048576K
}
Event: 72.019 GC heap before
{Heap before GC invocations=2273 (full 38):
 PSYoungGen      total 7168K, used 6309K [0x00000000eab00000, 0x00000000eb400000, 0x0000000100000000)
  eden space 6656K, 89% used [0x00000000eab00000,0x00000000eb0d94b0,0x00000000eb180000)
  from space 512K, 62% used [0x00000000eb380000,0x00000000eb3d0000,0x00000000eb400000)
  to   space 1024K, 0% used [0x00000000eb200000,0x00000000eb200000,0x00000000eb300000)
 ParOldGen       total 274944K, used 238670K [0x00000000c0000000, 0x00000000d0c80000, 0x00000000eab00000)
  object space 274944K, 86% used [0x00000000c0000000,0x00000000ce913bc0,0x00000000d0c80000)
 Metaspace       used 74348K, committed 75456K, reserved 1179648K
  class space    used 8338K, committed 8832K, reserved 1048576K
}
Event: 72.019 GC heap after
{Heap after GC invocations=2273 (full 38):
 PSYoungGen      total 7680K, used 1007K [0x00000000eab00000, 0x00000000eb480000, 0x0000000100000000)
  eden space 6656K, 0% used [0x00000000eab00000,0x00000000eab00000,0x00000000eb180000)
  from space 1024K, 98% used [0x00000000eb200000,0x00000000eb2fbfe0,0x00000000eb300000)
  to   space 1536K, 0% used [0x00000000eb300000,0x00000000eb300000,0x00000000eb480000)
 ParOldGen       total 274944K, used 238742K [0x00000000c0000000, 0x00000000d0c80000, 0x00000000eab00000)
  object space 274944K, 86% used [0x00000000c0000000,0x00000000ce925bc0,0x00000000d0c80000)
 Metaspace       used 74348K, committed 75456K, reserved 1179648K
  class space    used 8338K, committed 8832K, reserved 1048576K
}
Event: 72.042 GC heap before
{Heap before GC invocations=2274 (full 38):
 PSYoungGen      total 7680K, used 7663K [0x00000000eab00000, 0x00000000eb480000, 0x0000000100000000)
  eden space 6656K, 100% used [0x00000000eab00000,0x00000000eb180000,0x00000000eb180000)
  from space 1024K, 98% used [0x00000000eb200000,0x00000000eb2fbfe0,0x00000000eb300000)
  to   space 1536K, 0% used [0x00000000eb300000,0x00000000eb300000,0x00000000eb480000)
 ParOldGen       total 274944K, used 238742K [0x00000000c0000000, 0x00000000d0c80000, 0x00000000eab00000)
  object space 274944K, 86% used [0x00000000c0000000,0x00000000ce925bc0,0x00000000d0c80000)
 Metaspace       used 74358K, committed 75456K, reserved 1179648K
  class space    used 8338K, committed 8832K, reserved 1048576K
}
Event: 72.044 GC heap after
{Heap after GC invocations=2274 (full 38):
 PSYoungGen      total 3584K, used 1529K [0x00000000eab00000, 0x00000000ebd80000, 0x0000000100000000)
  eden space 2048K, 0% used [0x00000000eab00000,0x00000000eab00000,0x00000000ead00000)
  from space 1536K, 99% used [0x00000000eb300000,0x00000000eb47e600,0x00000000eb480000)
  to   space 6144K, 0% used [0x00000000ead00000,0x00000000ead00000,0x00000000eb300000)
 ParOldGen       total 274944K, used 242157K [0x00000000c0000000, 0x00000000d0c80000, 0x00000000eab00000)
  object space 274944K, 88% used [0x00000000c0000000,0x00000000cec7b6f0,0x00000000d0c80000)
 Metaspace       used 74358K, committed 75456K, reserved 1179648K
  class space    used 8338K, committed 8832K, reserved 1048576K
}
Event: 72.056 GC heap before
{Heap before GC invocations=2275 (full 38):
 PSYoungGen      total 3584K, used 3577K [0x00000000eab00000, 0x00000000ebd80000, 0x0000000100000000)
  eden space 2048K, 100% used [0x00000000eab00000,0x00000000ead00000,0x00000000ead00000)
  from space 1536K, 99% used [0x00000000eb300000,0x00000000eb47e600,0x00000000eb480000)
  to   space 6144K, 0% used [0x00000000ead00000,0x00000000ead00000,0x00000000eb300000)
 ParOldGen       total 274944K, used 242157K [0x00000000c0000000, 0x00000000d0c80000, 0x00000000eab00000)
  object space 274944K, 88% used [0x00000000c0000000,0x00000000cec7b6f0,0x00000000d0c80000)
 Metaspace       used 74358K, committed 75456K, reserved 1179648K
  class space    used 8338K, committed 8832K, reserved 1048576K
}
Event: 72.058 GC heap after
{Heap after GC invocations=2275 (full 38):
 PSYoungGen      total 5120K, used 3001K [0x00000000eab00000, 0x00000000eb500000, 0x0000000100000000)
  eden space 2048K, 0% used [0x00000000eab00000,0x00000000eab00000,0x00000000ead00000)
  from space 3072K, 97% used [0x00000000ead00000,0x00000000eafee400,0x00000000eb000000)
  to   space 4096K, 0% used [0x00000000eb100000,0x00000000eb100000,0x00000000eb500000)
 ParOldGen       total 274944K, used 242908K [0x00000000c0000000, 0x00000000d0c80000, 0x00000000eab00000)
  object space 274944K, 88% used [0x00000000c0000000,0x00000000ced370f0,0x00000000d0c80000)
 Metaspace       used 74358K, committed 75456K, reserved 1179648K
  class space    used 8338K, committed 8832K, reserved 1048576K
}
Event: 72.072 GC heap before
{Heap before GC invocations=2276 (full 38):
 PSYoungGen      total 5120K, used 5049K [0x00000000eab00000, 0x00000000eb500000, 0x0000000100000000)
  eden space 2048K, 100% used [0x00000000eab00000,0x00000000ead00000,0x00000000ead00000)
  from space 3072K, 97% used [0x00000000ead00000,0x00000000eafee400,0x00000000eb000000)
  to   space 4096K, 0% used [0x00000000eb100000,0x00000000eb100000,0x00000000eb500000)
 ParOldGen       total 274944K, used 242908K [0x00000000c0000000, 0x00000000d0c80000, 0x00000000eab00000)
  object space 274944K, 88% used [0x00000000c0000000,0x00000000ced370f0,0x00000000d0c80000)
 Metaspace       used 74358K, committed 75456K, reserved 1179648K
  class space    used 8338K, committed 8832K, reserved 1048576K
}
Event: 72.075 GC heap after
{Heap after GC invocations=2276 (full 38):
 PSYoungGen      total 5120K, used 2675K [0x00000000eab00000, 0x00000000eb400000, 0x0000000100000000)
  eden space 2048K, 0% used [0x00000000eab00000,0x00000000eab00000,0x00000000ead00000)
  from space 3072K, 87% used [0x00000000eb100000,0x00000000eb39ce00,0x00000000eb400000)
  to   space 3072K, 0% used [0x00000000ead00000,0x00000000ead00000,0x00000000eb000000)
 ParOldGen       total 274944K, used 245018K [0x00000000c0000000, 0x00000000d0c80000, 0x00000000eab00000)
  object space 274944K, 89% used [0x00000000c0000000,0x00000000cef468f0,0x00000000d0c80000)
 Metaspace       used 74358K, committed 75456K, reserved 1179648K
  class space    used 8338K, committed 8832K, reserved 1048576K
}
Event: 72.082 GC heap before
{Heap before GC invocations=2277 (full 38):
 PSYoungGen      total 5120K, used 4445K [0x00000000eab00000, 0x00000000eb400000, 0x0000000100000000)
  eden space 2048K, 86% used [0x00000000eab00000,0x00000000eacba6b0,0x00000000ead00000)
  from space 3072K, 87% used [0x00000000eb100000,0x00000000eb39ce00,0x00000000eb400000)
  to   space 3072K, 0% used [0x00000000ead00000,0x00000000ead00000,0x00000000eb000000)
 ParOldGen       total 274944K, used 245018K [0x00000000c0000000, 0x00000000d0c80000, 0x00000000eab00000)
  object space 274944K, 89% used [0x00000000c0000000,0x00000000cef468f0,0x00000000d0c80000)
 Metaspace       used 74358K, committed 75456K, reserved 1179648K
  class space    used 8338K, committed 8832K, reserved 1048576K
}
Event: 72.087 GC heap after
{Heap after GC invocations=2277 (full 38):
 PSYoungGen      total 4096K, used 1869K [0x00000000eab00000, 0x00000000eb200000, 0x0000000100000000)
  eden space 2048K, 0% used [0x00000000eab00000,0x00000000eab00000,0x00000000ead00000)
  from space 2048K, 91% used [0x00000000ead00000,0x00000000eaed3400,0x00000000eaf00000)
  to   space 2560K, 0% used [0x00000000eaf80000,0x00000000eaf80000,0x00000000eb200000)
 ParOldGen       total 274944K, used 247103K [0x00000000c0000000, 0x00000000d0c80000, 0x00000000eab00000)
  object space 274944K, 89% used [0x00000000c0000000,0x00000000cf14fcf0,0x00000000d0c80000)
 Metaspace       used 74358K, committed 75456K, reserved 1179648K
  class space    used 8338K, committed 8832K, reserved 1048576K
}
Event: 72.142 GC heap before
{Heap before GC invocations=2278 (full 38):
 PSYoungGen      total 4096K, used 3907K [0x00000000eab00000, 0x00000000eb200000, 0x0000000100000000)
  eden space 2048K, 99% used [0x00000000eab00000,0x00000000eacfd888,0x00000000ead00000)
  from space 2048K, 91% used [0x00000000ead00000,0x00000000eaed3400,0x00000000eaf00000)
  to   space 2560K, 0% used [0x00000000eaf80000,0x00000000eaf80000,0x00000000eb200000)
 ParOldGen       total 274944K, used 247103K [0x00000000c0000000, 0x00000000d0c80000, 0x00000000eab00000)
  object space 274944K, 89% used [0x00000000c0000000,0x00000000cf14fcf0,0x00000000d0c80000)
 Metaspace       used 74359K, committed 75456K, reserved 1179648K
  class space    used 8338K, committed 8832K, reserved 1048576K
}
Event: 72.145 GC heap after
{Heap after GC invocations=2278 (full 38):
 PSYoungGen      total 4096K, used 2003K [0x00000000eab00000, 0x00000000eb180000, 0x0000000100000000)
  eden space 2048K, 0% used [0x00000000eab00000,0x00000000eab00000,0x00000000ead00000)
  from space 2048K, 97% used [0x00000000eaf80000,0x00000000eb174eb8,0x00000000eb180000)
  to   space 2048K, 0% used [0x00000000ead00000,0x00000000ead00000,0x00000000eaf00000)
 ParOldGen       total 274944K, used 248884K [0x00000000c0000000, 0x00000000d0c80000, 0x00000000eab00000)
  object space 274944K, 90% used [0x00000000c0000000,0x00000000cf30d0f0,0x00000000d0c80000)
 Metaspace       used 74359K, committed 75456K, reserved 1179648K
  class space    used 8338K, committed 8832K, reserved 1048576K
}
Event: 72.179 GC heap before
{Heap before GC invocations=2279 (full 38):
 PSYoungGen      total 4096K, used 4051K [0x00000000eab00000, 0x00000000eb180000, 0x0000000100000000)
  eden space 2048K, 100% used [0x00000000eab00000,0x00000000ead00000,0x00000000ead00000)
  from space 2048K, 97% used [0x00000000eaf80000,0x00000000eb174eb8,0x00000000eb180000)
  to   space 2048K, 0% used [0x00000000ead00000,0x00000000ead00000,0x00000000eaf00000)
 ParOldGen       total 274944K, used 248884K [0x00000000c0000000, 0x00000000d0c80000, 0x00000000eab00000)
  object space 274944K, 90% used [0x00000000c0000000,0x00000000cf30d0f0,0x00000000d0c80000)
 Metaspace       used 74472K, committed 75584K, reserved 1179648K
  class space    used 8348K, committed 8832K, reserved 1048576K
}
Event: 72.182 GC heap after
{Heap after GC invocations=2279 (full 38):
 PSYoungGen      total 3072K, used 880K [0x00000000eab00000, 0x00000000eb000000, 0x0000000100000000)
  eden space 2048K, 0% used [0x00000000eab00000,0x00000000eab00000,0x00000000ead00000)
  from space 1024K, 85% used [0x00000000ead00000,0x00000000eaddc030,0x00000000eae00000)
  to   space 1536K, 0% used [0x00000000eae80000,0x00000000eae80000,0x00000000eb000000)
 ParOldGen       total 274944K, used 251446K [0x00000000c0000000, 0x00000000d0c80000, 0x00000000eab00000)
  object space 274944K, 91% used [0x00000000c0000000,0x00000000cf58d8f0,0x00000000d0c80000)
 Metaspace       used 74472K, committed 75584K, reserved 1179648K
  class space    used 8348K, committed 8832K, reserved 1048576K
}

